<?xml version="1.0" encoding="UTF-8"?>
<!-- Generated by org.testng.reporters.JUnitXMLReporter -->
<testsuite ignored="0" hostname="DESKTOP-J7DRRNI" failures="0" tests="9" name="Default test" time="0.11" errors="0" timestamp="2020-12-19T15:13:49 IST">
  <testcase classname="com.demonism.TestExecutionOrder" name="Register" time="0.011"/>
  <testcase classname="com.demonism.TestExecutionOrder" name="Register" time="0.002"/>
  <testcase classname="com.demonism.TestExecutionOrder" name="Test" time="0.002"/>
  <testcase classname="com.demonism.TestExecutionOrder" name="DeleteUser" time="0.002"/>
  <testcase classname="com.demonism.TestExecutionOrder" name="DeleteUser" time="0.003"/>
  <testcase classname="com.demonism.TestExecutionOrder" name="DeleteUser" time="0.001"/>
  <testcase classname="com.demonism.TestExecutionOrder" name="DeleteUser" time="0.005"/>
  <testcase classname="com.demonism.TestExecutionOrder" name="DeleteUser" time="0.002"/>
  <testcase classname="com.demonism.TestExecutionOrder" name="Login" time="0.006"/>
</testsuite> <!-- Default test -->
