<?xml version="1.0" encoding="UTF-8"?>
<testng-results ignored="0" total="1" passed="1" failed="0" skipped="0">
  <reporter-output>
  </reporter-output>
  <suite started-at="2020-12-19T13:36:59 IST" name="Default suite" finished-at="2020-12-19T13:36:59 IST" duration-ms="81">
    <groups>
    </groups>
    <test started-at="2020-12-19T13:36:59 IST" name="Default test" finished-at="2020-12-19T13:36:59 IST" duration-ms="81">
      <class name="com.demonism.TestDemo">
        <test-method signature="Test()[pri:0, instance:com.demonism.TestDemo@2928854b]" started-at="2020-12-19T13:36:59 IST" name="Test" finished-at="2020-12-19T13:36:59 IST" duration-ms="26" status="PASS">
          <reporter-output>
          </reporter-output>
        </test-method> <!-- Test -->
      </class> <!-- com.demonism.TestDemo -->
    </test> <!-- Default test -->
  </suite> <!-- Default suite -->
</testng-results>
