<?xml version="1.0" encoding="UTF-8"?>
<testng-results ignored="0" total="1" passed="1" failed="0" skipped="0">
  <reporter-output>
    <line>
      <![CDATA[before Assert]]>
    </line>
    <line>
      <![CDATA[After Assert]]>
    </line>
    <line>
      <![CDATA[Hello World to SoftAssert]]>
    </line>
  </reporter-output>
  <suite started-at="2020-12-20T10:38:50 IST" name="Default suite" finished-at="2020-12-20T10:38:50 IST" duration-ms="131">
    <groups>
    </groups>
    <test started-at="2020-12-20T10:38:50 IST" name="Default test" finished-at="2020-12-20T10:38:50 IST" duration-ms="131">
      <class name="com.validate.softAssertDemo">
        <test-method signature="softAssertNonStaticMethod()[pri:0, instance:com.validate.softAssertDemo@2928854b]" started-at="2020-12-20T10:38:50 IST" name="softAssertNonStaticMethod" finished-at="2020-12-20T10:38:50 IST" duration-ms="80" status="PASS">
          <reporter-output>
            <line>
              <![CDATA[before Assert]]>
            </line>
            <line>
              <![CDATA[After Assert]]>
            </line>
            <line>
              <![CDATA[Hello World to SoftAssert]]>
            </line>
          </reporter-output>
        </test-method> <!-- softAssertNonStaticMethod -->
      </class> <!-- com.validate.softAssertDemo -->
    </test> <!-- Default test -->
  </suite> <!-- Default suite -->
</testng-results>
